<?xml version="1.0" encoding="UTF-8"?>
<!-- Generated by org.testng.reporters.JUnitReportReporter -->
<testsuite skipped="0" hostname="DESKTOP-OVPEI7U" name="com.testng_features.convertjavatoxml" tests="3" failures="0" timestamp="2022-07-26T12:55:49 IST" time="0.031" errors="0">
  <testcase name="mobile" time="0.016" classname="com.testng_features.convertjavatoxml"/>
  <system-out/>
  <testcase name="Laptop" time="0.015" classname="com.testng_features.convertjavatoxml"/>
  <system-out/>
  <testcase name="headphones" time="0.000" classname="com.testng_features.convertjavatoxml"/>
  <system-out/>
</testsuite> <!-- com.testng_features.convertjavatoxml -->
