<?xml version="1.0" encoding="UTF-8"?>
<!-- Generated by org.testng.reporters.JUnitReportReporter -->
<testsuite skipped="0" hostname="DESKTOP-OVPEI7U" name="com.testng_features.Assert_Concepts" tests="1" failures="0" timestamp="2022-07-31T16:43:13 IST" time="0.016" errors="0">
  <testcase name="demo_A" time="0.016" classname="com.testng_features.Assert_Concepts"/>
  <system-out/>
</testsuite> <!-- com.testng_features.Assert_Concepts -->
