<?xml version="1.0" encoding="UTF-8"?>
<!-- Generated by org.testng.reporters.JUnitReportReporter -->
<testsuite skipped="0" hostname="DESKTOP-OVPEI7U" name="com.testng_features.invocation" tests="4" failures="0" timestamp="2022-07-26T13:15:52 IST" time="0.015" errors="0">
  <testcase name="pg" time="0.000" classname="com.testng_features.invocation"/>
  <system-out/>
  <testcase name="SSLC" time="0.015" classname="com.testng_features.invocation"/>
  <system-out/>
  <testcase name="hsc" time="0.000" classname="com.testng_features.invocation"/>
  <system-out/>
  <testcase name="ug" time="0.000" classname="com.testng_features.invocation"/>
  <system-out/>
</testsuite> <!-- com.testng_features.invocation -->
